<?xml version="1.0" encoding="UTF-8"?>
<testng-results ignored="0" total="1" passed="1" failed="0" skipped="0">
  <reporter-output>
  </reporter-output>
  <suite started-at="2026-03-25T18:43:03 IST" name="Suite" finished-at="2026-03-25T18:44:31 IST" duration-ms="88296">
    <groups>
    </groups>
    <test started-at="2026-03-25T18:43:03 IST" name="Test" finished-at="2026-03-25T18:44:31 IST" duration-ms="88296">
      <class name="tests.NavigationTest">
        <test-method is-config="true" signature="setUp()[pri:0, instance:tests.NavigationTest@40ef3420]" started-at="2026-03-25T18:43:06 IST" name="setUp" finished-at="2026-03-25T18:44:17 IST" duration-ms="70183" status="PASS">
          <reporter-output>
          </reporter-output>
        </test-method> <!-- setUp -->
        <test-method is-config="true" signature="initTest()[pri:0, instance:tests.NavigationTest@40ef3420]" started-at="2026-03-25T18:44:17 IST" name="initTest" finished-at="2026-03-25T18:44:22 IST" duration-ms="5714" status="PASS">
          <reporter-output>
          </reporter-output>
        </test-method> <!-- initTest -->
        <test-method signature="validateUILayoutConsistency()[pri:0, instance:tests.NavigationTest@40ef3420]" started-at="2026-03-25T18:44:22 IST" name="validateUILayoutConsistency" finished-at="2026-03-25T18:44:24 IST" duration-ms="1845" status="PASS">
          <reporter-output>
          </reporter-output>
        </test-method> <!-- validateUILayoutConsistency -->
        <test-method is-config="true" signature="tearDown()[pri:0, instance:tests.NavigationTest@40ef3420]" started-at="2026-03-25T18:44:25 IST" name="tearDown" finished-at="2026-03-25T18:44:31 IST" duration-ms="6060" status="PASS">
          <reporter-output>
          </reporter-output>
        </test-method> <!-- tearDown -->
      </class> <!-- tests.NavigationTest -->
    </test> <!-- Test -->
  </suite> <!-- Suite -->
</testng-results>
